==============================================
Title:                     //  (DRC COMMAND FILE DOCUMENT: T-000-CL-DR-002-C1 Rev 1.9a )
Execution Date/Time:       Mon Dec  7 12:19:57 2020
Rule File Pathname:        /imec/other/eptsmc/2_Project_Info/2020/1_cyb/TMMG23_Cxx_USP_run7554/2_des/bnd/_C18_WIRE_BOND_6M.19a_
Layout Path(s):            /imec/other/eptsmc/2_Project_Info/2020/1_cyb/TMMG23_Cxx_USP_run7554/2_des/design/PLL-USP2020_merged_dummy.gds.gz
Layout Primary Cell:       PLL_USP2020_dummy
Current Directory:         /imec/other/eptsmc/2_Project_Info/2020/1_cyb/TMMG23_Cxx_USP_run7554/2_des/bnd
==============================================

'#DEFINE PITCH_55_SINGLE'

==============================================

RULECHECK CB.W.1.P55.SI .......... TOTAL Result Count = 2   (34)
CB width >= 48um
----------------------------------------------------

RULECHECK CB.R.2a.SI ............. TOTAL Result Count = 6   (84)
Pad structure must be at least MT/VIAT/Mtop-1...VIA1/M1.
If you want to use CUP struture , please make sure you draw WBDMY and turn on the right switch.
----------------------------------------------------

RULECHECK CBVIA1.R.1.OUTER.P55 ... TOTAL Result Count = 1   (14)
ratio of outer VIA1 to CB >= 0.05
----------------------------------------------------

RULECHECK CBVIA2.R.1.OUTER.P55 ... TOTAL Result Count = 1   (14)
ratio of outer VIA2 to CB >= 0.05
----------------------------------------------------

RULECHECK CBVIA3.R.1.OUTER.P55 ... TOTAL Result Count = 1   (14)
ratio of outer VIA3 to CB >= 0.05
----------------------------------------------------

RULECHECK CBVIA4.R.1.OUTER.P55 ... TOTAL Result Count = 1   (14)
ratio of outer VIA4 to CB >= 0.05
----------------------------------------------------

RULECHECK CBVIA5.R.1.OUTER.P55 ... TOTAL Result Count = 1   (14)
ratio of outer VIA5 to CB >= 0.05
----------------------------------------------------

RULECHECK CUPCB.R.4 .............. TOTAL Result Count = 360 (7200)
A specialized CUP pad structure must be applied to the top metal layers without top via
----------------------------------------------------

